TN:
SF:/Users/yenlingchen/stack-overflow-copy-paste/src/index.js
FNF:0
FNH:0
DA:1,7
DA:2,7
DA:3,7
DA:4,7
DA:5,7
DA:6,7
DA:7,7
LF:7
LH:7
BRF:0
BRH:0
end_of_record
TN:
SF:/Users/yenlingchen/stack-overflow-copy-paste/src/flatten.js
FN:11,flatten
FN:12,flattenReducer
FNF:2
FNH:2
FNDA:12,flatten
FNDA:29,flattenReducer
DA:11,7
DA:12,12
DA:13,29
LF:3
LH:3
BRDA:13,1,0,10
BRDA:13,1,1,19
BRF:2
BRH:2
end_of_record
TN:
SF:/Users/yenlingchen/stack-overflow-copy-paste/src/get-query-string-param.js
FN:12,getQueryStringParam
FNF:1
FNH:1
FNDA:2,getQueryStringParam
DA:12,7
DA:13,2
DA:14,2
DA:15,2
DA:16,2
LF:5
LH:5
BRDA:16,1,0,1
BRDA:16,1,1,1
BRF:2
BRH:2
end_of_record
TN:
SF:/Users/yenlingchen/stack-overflow-copy-paste/src/snake-to-camel.js
FN:13,snakeToCamel
FN:14,snakeToCamelReplacer
FNF:2
FNH:2
FNDA:2,snakeToCamel
FNDA:4,snakeToCamelReplacer
DA:3,7
DA:13,7
DA:14,2
DA:15,4
LF:4
LH:4
BRF:0
BRH:0
end_of_record
TN:
SF:/Users/yenlingchen/stack-overflow-copy-paste/src/pad-left.js
FN:14,padLeft
FNF:1
FNH:1
FNDA:3,padLeft
DA:14,7
DA:15,3
DA:16,1
DA:18,2
LF:4
LH:4
BRDA:15,1,0,1
BRDA:15,1,1,2
BRDA:18,2,0,2
BRDA:18,2,1,1
BRF:4
BRH:4
end_of_record
TN:
SF:/Users/yenlingchen/stack-overflow-copy-paste/src/random-integer.js
FN:13,randomInteger
FNF:1
FNH:1
FNDA:2,randomInteger
DA:13,7
DA:14,2
LF:2
LH:2
BRF:0
BRH:0
end_of_record
TN:
SF:/Users/yenlingchen/stack-overflow-copy-paste/src/array-fill.js
FN:12,fill
FNF:1
FNH:1
FNDA:3,fill
DA:12,7
DA:13,3
LF:2
LH:2
BRF:0
BRH:0
end_of_record
TN:
SF:/Users/yenlingchen/stack-overflow-copy-paste/src/sort-objects-array.js
FN:12,sortObjectsArray
FN:18,compareFunction
FNF:2
FNH:2
FNDA:3,sortObjectsArray
FNDA:7,compareFunction
DA:12,7
DA:13,3
DA:14,3
DA:15,1
DA:16,1
DA:18,3
DA:19,7
DA:20,7
DA:21,2
DA:22,5
DA:23,3
DA:25,7
LF:12
LH:12
BRDA:14,1,0,1
BRDA:14,1,1,2
BRDA:20,2,0,2
BRDA:20,2,1,5
BRDA:22,3,0,3
BRDA:22,3,1,2
BRF:6
BRH:6
end_of_record
